<?xml version="1.0" encoding="UTF-8"?>
<testng-results skipped="0" failed="0" total="2" passed="2">
  <reporter-output>
  </reporter-output>
  <suite name="Default suite" duration-ms="13" started-at="2016-05-04T09:09:32Z" finished-at="2016-05-04T09:09:32Z">
    <groups>
    </groups>
    <test name="Default test" duration-ms="13" started-at="2016-05-04T09:09:32Z" finished-at="2016-05-04T09:09:32Z">
      <class name="TestAnnotations">
        <test-method status="PASS" signature="beforeSuite()[pri:0, instance:TestAnnotations@67117f44]" name="beforeSuite" is-config="true" duration-ms="8" started-at="2016-05-04T14:39:32Z" finished-at="2016-05-04T14:39:32Z">
          <reporter-output>
          </reporter-output>
        </test-method> <!-- beforeSuite -->
        <test-method status="PASS" signature="beforeTest()[pri:0, instance:TestAnnotations@67117f44]" name="beforeTest" is-config="true" duration-ms="1" started-at="2016-05-04T14:39:32Z" finished-at="2016-05-04T14:39:32Z">
          <reporter-output>
          </reporter-output>
        </test-method> <!-- beforeTest -->
        <test-method status="PASS" signature="beforeClass()[pri:0, instance:TestAnnotations@67117f44]" name="beforeClass" is-config="true" duration-ms="0" started-at="2016-05-04T14:39:32Z" finished-at="2016-05-04T14:39:32Z">
          <reporter-output>
          </reporter-output>
        </test-method> <!-- beforeClass -->
        <test-method status="PASS" signature="beforeMethod()[pri:0, instance:TestAnnotations@67117f44]" name="beforeMethod" is-config="true" duration-ms="1" started-at="2016-05-04T14:39:32Z" finished-at="2016-05-04T14:39:32Z">
          <reporter-output>
          </reporter-output>
        </test-method> <!-- beforeMethod -->
        <test-method status="PASS" signature="testCase1()[pri:0, instance:TestAnnotations@67117f44]" name="testCase1" duration-ms="0" started-at="2016-05-04T14:39:32Z" finished-at="2016-05-04T14:39:32Z">
          <reporter-output>
          </reporter-output>
        </test-method> <!-- testCase1 -->
        <test-method status="PASS" signature="afterMethod()[pri:0, instance:TestAnnotations@67117f44]" name="afterMethod" is-config="true" duration-ms="0" started-at="2016-05-04T14:39:32Z" finished-at="2016-05-04T14:39:32Z">
          <reporter-output>
          </reporter-output>
        </test-method> <!-- afterMethod -->
        <test-method status="PASS" signature="beforeMethod()[pri:0, instance:TestAnnotations@67117f44]" name="beforeMethod" is-config="true" duration-ms="1" started-at="2016-05-04T14:39:32Z" finished-at="2016-05-04T14:39:32Z">
          <reporter-output>
          </reporter-output>
        </test-method> <!-- beforeMethod -->
        <test-method status="PASS" signature="afterMethod()[pri:0, instance:TestAnnotations@67117f44]" name="afterMethod" is-config="true" duration-ms="0" started-at="2016-05-04T14:39:32Z" finished-at="2016-05-04T14:39:32Z">
          <reporter-output>
          </reporter-output>
        </test-method> <!-- afterMethod -->
        <test-method status="PASS" signature="afterClass()[pri:0, instance:TestAnnotations@67117f44]" name="afterClass" is-config="true" duration-ms="0" started-at="2016-05-04T14:39:32Z" finished-at="2016-05-04T14:39:32Z">
          <reporter-output>
          </reporter-output>
        </test-method> <!-- afterClass -->
        <test-method status="PASS" signature="testCase2()[pri:0, instance:TestAnnotations@67117f44]" name="testCase2" duration-ms="0" started-at="2016-05-04T14:39:32Z" finished-at="2016-05-04T14:39:32Z">
          <reporter-output>
          </reporter-output>
        </test-method> <!-- testCase2 -->
        <test-method status="PASS" signature="afterTest()[pri:0, instance:TestAnnotations@67117f44]" name="afterTest" is-config="true" duration-ms="0" started-at="2016-05-04T14:39:32Z" finished-at="2016-05-04T14:39:32Z">
          <reporter-output>
          </reporter-output>
        </test-method> <!-- afterTest -->
        <test-method status="PASS" signature="afterSuite()[pri:0, instance:TestAnnotations@67117f44]" name="afterSuite" is-config="true" duration-ms="1" started-at="2016-05-04T14:39:32Z" finished-at="2016-05-04T14:39:32Z">
          <reporter-output>
          </reporter-output>
        </test-method> <!-- afterSuite -->
      </class> <!-- TestAnnotations -->
    </test> <!-- Default test -->
  </suite> <!-- Default suite -->
</testng-results>
